Reader Preference
线程 1 (Reader)： 请求运行 -  2020-11-23 19:29:28 
线程 1 (Reader)： 开始运行 -  2020-11-23 19:29:28 
线程 2 (Writer)： 请求运行 -  2020-11-23 19:29:29 
线程 3 (Reader)： 请求运行 -  2020-11-23 19:29:30 
线程 3 (Reader)： 开始运行 -  2020-11-23 19:29:30 
线程 5 (Writer)： 请求运行 -  2020-11-23 19:29:30 
线程 4 (Reader)： 请求运行 -  2020-11-23 19:29:31 
线程 4 (Reader)： 开始运行 -  2020-11-23 19:29:31 
线程 3 (Reader)： 运行结束 -  2020-11-23 19:29:32  无法从空队列获得随机数
线程 1 (Reader)： 运行结束 -  2020-11-23 19:29:33  无法从空队列获得随机数
线程 4 (Reader)： 运行结束 -  2020-11-23 19:29:36  无法从空队列获得随机数
线程 2 (Writer)： 开始运行 -  2020-11-23 19:29:36 
线程 2 (Writer)： 运行结束 -  2020-11-23 19:29:41  生成随机数80
线程 5 (Writer)： 开始运行 -  2020-11-23 19:29:41 
线程 5 (Writer)： 运行结束 -  2020-11-23 19:29:44  生成随机数47
Writer Preference
线程 1 (Reader)： 请求运行 -  2020-11-23 19:29:47 
线程 1 (Reader)： 开始运行 -  2020-11-23 19:29:47 
线程 2 (Writer)： 请求运行 -  2020-11-23 19:29:48 
线程 3 (Reader)： 请求运行 -  2020-11-23 19:29:49 
线程 5 (Writer)： 请求运行 -  2020-11-23 19:29:49 
线程 4 (Reader)： 请求运行 -  2020-11-23 19:29:50 
线程 1 (Reader)： 运行结束 -  2020-11-23 19:29:52  无法从空队列获得随机数
线程 2 (Writer)： 开始运行 -  2020-11-23 19:29:52 
线程 2 (Writer)： 运行结束 -  2020-11-23 19:29:57  生成随机数11
线程 5 (Writer)： 开始运行 -  2020-11-23 19:29:57 
线程 5 (Writer)： 运行结束 -  2020-11-23 19:30: 0  生成随机数1
线程 3 (Reader)： 开始运行 -  2020-11-23 19:30: 0 
线程 4 (Reader)： 开始运行 -  2020-11-23 19:30: 0 
线程 3 (Reader)： 运行结束 -  2020-11-23 19:30: 2  获得随机数11
线程 4 (Reader)： 运行结束 -  2020-11-23 19:30: 5  获得随机数1
End
